c:\users\beyioku daniel\documents\uoh\simulation\simulationlab2\vulkan(1_3)_lab_01\lab_tuto.855bb1f1\x64\debug\vc143.pdb
c:\users\beyioku daniel\documents\uoh\simulation\simulationlab2\vulkan(1_3)_lab_01\lab_tuto.855bb1f1\x64\debug\vc143.idb
c:\users\beyioku daniel\documents\uoh\simulation\simulationlab2\vulkan(1_3)_lab_01\lab_tuto.855bb1f1\x64\debug\imgui_widgets.obj
c:\users\beyioku daniel\documents\uoh\simulation\simulationlab2\vulkan(1_3)_lab_01\lab_tuto.855bb1f1\x64\debug\imgui_tables.obj
c:\users\beyioku daniel\documents\uoh\simulation\simulationlab2\vulkan(1_3)_lab_01\lab_tuto.855bb1f1\x64\debug\imgui_draw.obj
c:\users\beyioku daniel\documents\uoh\simulation\simulationlab2\vulkan(1_3)_lab_01\lab_tuto.855bb1f1\x64\debug\imgui_demo.obj
c:\users\beyioku daniel\documents\uoh\simulation\simulationlab2\vulkan(1_3)_lab_01\lab_tuto.855bb1f1\x64\debug\imgui.obj
c:\users\beyioku daniel\documents\uoh\simulation\simulationlab2\vulkan(1_3)_lab_01\lab_tuto.855bb1f1\x64\debug\imguilayer.obj
c:\users\beyioku daniel\documents\uoh\simulation\simulationlab2\vulkan(1_3)_lab_01\lab_tuto.855bb1f1\x64\debug\main.obj
c:\users\beyioku daniel\documents\uoh\simulation\simulationlab2\vulkan(1_3)_lab_01\lab_tuto.855bb1f1\x64\debug\sandboxapplication.obj
c:\users\beyioku daniel\documents\uoh\simulation\simulationlab2\vulkan(1_3)_lab_01\lab_tuto.855bb1f1\x64\debug\imgui_impl_win32.obj
c:\users\beyioku daniel\documents\uoh\simulation\simulationlab2\vulkan(1_3)_lab_01\lab_tuto.855bb1f1\x64\debug\imgui_impl_vulkan.obj
c:\users\beyioku daniel\documents\uoh\simulation\simulationlab2\vulkan(1_3)_lab_01\lab_tuto.855bb1f1\x64\debug\imgui_impl_opengl3.obj
c:\users\beyioku daniel\documents\uoh\simulation\simulationlab2\vulkan(1_3)_lab_01\lab_tuto.855bb1f1\x64\debug\imgui_impl_opengl2.obj
c:\users\beyioku daniel\documents\uoh\simulation\simulationlab2\vulkan(1_3)_lab_01\lab_tuto.855bb1f1\x64\debug\imgui_impl_null.obj
c:\users\beyioku daniel\documents\uoh\simulation\simulationlab2\vulkan(1_3)_lab_01\lab_tuto.855bb1f1\x64\debug\imgui_impl_glfw.obj
c:\users\beyioku daniel\documents\uoh\simulation\simulationlab2\vulkan(1_3)_lab_01\lab_tuto.855bb1f1\x64\debug\imgui_impl_dx9.obj
c:\users\beyioku daniel\documents\uoh\simulation\simulationlab2\vulkan(1_3)_lab_01\lab_tuto.855bb1f1\x64\debug\imgui_impl_dx12.obj
c:\users\beyioku daniel\documents\uoh\simulation\simulationlab2\vulkan(1_3)_lab_01\lab_tuto.855bb1f1\x64\debug\imgui_impl_dx11.obj
c:\users\beyioku daniel\documents\uoh\simulation\simulationlab2\vulkan(1_3)_lab_01\lab_tuto.855bb1f1\x64\debug\imgui_impl_dx10.obj
c:\users\beyioku daniel\documents\uoh\simulation\simulationlab2\vulkan(1_3)_lab_01\shaders\frag.spv
c:\users\beyioku daniel\documents\uoh\simulation\simulationlab2\vulkan(1_3)_lab_01\shaders\vert.spv
c:\users\beyioku daniel\documents\uoh\simulation\simulationlab2\vulkan(1_3)_lab_01\x64\debug\lab_tutorial_template(vulkan1_3).pdb
c:\users\beyioku daniel\documents\uoh\simulation\simulationlab2\vulkan(1_3)_lab_01\lab_tuto.855bb1f1\x64\debug\lab_tuto.855bb1f1.tlog\cl.command.1.tlog
c:\users\beyioku daniel\documents\uoh\simulation\simulationlab2\vulkan(1_3)_lab_01\lab_tuto.855bb1f1\x64\debug\lab_tuto.855bb1f1.tlog\cl.read.1.tlog
c:\users\beyioku daniel\documents\uoh\simulation\simulationlab2\vulkan(1_3)_lab_01\lab_tuto.855bb1f1\x64\debug\lab_tuto.855bb1f1.tlog\cl.write.1.tlog
c:\users\beyioku daniel\documents\uoh\simulation\simulationlab2\vulkan(1_3)_lab_01\lab_tuto.855bb1f1\x64\debug\lab_tuto.855bb1f1.tlog\custombuild.command.1.tlog
c:\users\beyioku daniel\documents\uoh\simulation\simulationlab2\vulkan(1_3)_lab_01\lab_tuto.855bb1f1\x64\debug\lab_tuto.855bb1f1.tlog\custombuild.read.1.tlog
c:\users\beyioku daniel\documents\uoh\simulation\simulationlab2\vulkan(1_3)_lab_01\lab_tuto.855bb1f1\x64\debug\lab_tuto.855bb1f1.tlog\custombuild.write.1.tlog
c:\users\beyioku daniel\documents\uoh\simulation\simulationlab2\vulkan(1_3)_lab_01\lab_tuto.855bb1f1\x64\debug\lab_tuto.855bb1f1.tlog\link-cvtres.read.1.tlog
c:\users\beyioku daniel\documents\uoh\simulation\simulationlab2\vulkan(1_3)_lab_01\lab_tuto.855bb1f1\x64\debug\lab_tuto.855bb1f1.tlog\link-cvtres.write.1.tlog
c:\users\beyioku daniel\documents\uoh\simulation\simulationlab2\vulkan(1_3)_lab_01\lab_tuto.855bb1f1\x64\debug\lab_tuto.855bb1f1.tlog\link-rc.read.1.tlog
c:\users\beyioku daniel\documents\uoh\simulation\simulationlab2\vulkan(1_3)_lab_01\lab_tuto.855bb1f1\x64\debug\lab_tuto.855bb1f1.tlog\link-rc.write.1.tlog
c:\users\beyioku daniel\documents\uoh\simulation\simulationlab2\vulkan(1_3)_lab_01\lab_tuto.855bb1f1\x64\debug\lab_tuto.855bb1f1.tlog\link.command.1.tlog
c:\users\beyioku daniel\documents\uoh\simulation\simulationlab2\vulkan(1_3)_lab_01\lab_tuto.855bb1f1\x64\debug\lab_tuto.855bb1f1.tlog\link.read.1.tlog
c:\users\beyioku daniel\documents\uoh\simulation\simulationlab2\vulkan(1_3)_lab_01\lab_tuto.855bb1f1\x64\debug\lab_tuto.855bb1f1.tlog\link.read.2.tlog
c:\users\beyioku daniel\documents\uoh\simulation\simulationlab2\vulkan(1_3)_lab_01\lab_tuto.855bb1f1\x64\debug\lab_tuto.855bb1f1.tlog\link.read.3.tlog
c:\users\beyioku daniel\documents\uoh\simulation\simulationlab2\vulkan(1_3)_lab_01\lab_tuto.855bb1f1\x64\debug\lab_tuto.855bb1f1.tlog\link.read.4.tlog
c:\users\beyioku daniel\documents\uoh\simulation\simulationlab2\vulkan(1_3)_lab_01\lab_tuto.855bb1f1\x64\debug\lab_tuto.855bb1f1.tlog\link.write.1.tlog
